
> climate-garden-sim@0.1.0 start
> FAST_REFRESH=true craco start

(node:57405) [DEP_WEBPACK_DEV_SERVER_ON_AFTER_SETUP_MIDDLEWARE] DeprecationWarning: 'onAfterSetupMiddleware' option is deprecated. Please use the 'setupMiddlewares' option.
(Use `node --trace-deprecation ...` to show where the warning was created)
(node:57405) [DEP_WEBPACK_DEV_SERVER_ON_BEFORE_SETUP_MIDDLEWARE] DeprecationWarning: 'onBeforeSetupMiddleware' option is deprecated. Please use the 'setupMiddlewares' option.
Starting the development server...

Compiled successfully!

You can now view climate-garden-sim in the browser.

  Local:            http://localhost:3000
  On Your Network:  http://192.168.86.23:3000

Note that the development build is not optimized.
To create a production build, use npm run build.

webpack compiled successfully
Compiling...
Compiled with warnings.

[eslint] 
src/services/databaseCalendarService.js
  Line 200:3:  Expected a default case  default-case

Search for the keywords to learn more about each warning.
To ignore, add // eslint-disable-next-line to the line before.

WARNING in [eslint] 
src/services/databaseCalendarService.js
  Line 200:3:  Expected a default case  default-case

webpack compiled with 1 warning
Compiling...
Compiled with warnings.

[eslint] 
src/services/databaseCalendarService.js
  Line 200:3:  Expected a default case  default-case

Search for the keywords to learn more about each warning.
To ignore, add // eslint-disable-next-line to the line before.

WARNING in [eslint] 
src/services/databaseCalendarService.js
  Line 200:3:  Expected a default case  default-case

webpack compiled with 1 warning
Compiling...
Compiled with warnings.

[eslint] 
src/services/databaseCalendarService.js
  Line 200:3:  Expected a default case  default-case

Search for the keywords to learn more about each warning.
To ignore, add // eslint-disable-next-line to the line before.

WARNING in [eslint] 
src/services/databaseCalendarService.js
  Line 200:3:  Expected a default case  default-case

webpack compiled with 1 warning
Compiling...
Compiled with warnings.

[eslint] 
src/services/databaseCalendarService.js
  Line 205:3:  Expected a default case  default-case

Search for the keywords to learn more about each warning.
To ignore, add // eslint-disable-next-line to the line before.

WARNING in [eslint] 
src/services/databaseCalendarService.js
  Line 205:3:  Expected a default case  default-case

webpack compiled with 1 warning
Compiling...
Compiled with warnings.

[eslint] 
src/services/databaseCalendarService.js
  Line 205:3:  Expected a default case  default-case

src/services/databaseService.js
  Line 859:3:   Duplicate name 'getActivityTemplates'                                                                             no-dupe-class-members
  Line 992:30:  Function declared in a loop contains unsafe references to variable(s) 'totalTests', 'failedTests', 'failedTests'  no-loop-func

Search for the keywords to learn more about each warning.
To ignore, add // eslint-disable-next-line to the line before.

WARNING in [eslint] 
src/services/databaseCalendarService.js
  Line 205:3:  Expected a default case  default-case

src/services/databaseService.js
  Line 859:3:   Duplicate name 'getActivityTemplates'                                                                             no-dupe-class-members
  Line 992:30:  Function declared in a loop contains unsafe references to variable(s) 'totalTests', 'failedTests', 'failedTests'  no-loop-func

webpack compiled with 1 warning
Compiling...
Compiled with warnings.

[eslint] 
src/services/databaseCalendarService.js
  Line 205:3:  Expected a default case  default-case

src/services/databaseService.js
  Line 862:3:   Duplicate name 'getActivityTemplates'                                                                             no-dupe-class-members
  Line 995:30:  Function declared in a loop contains unsafe references to variable(s) 'totalTests', 'failedTests', 'failedTests'  no-loop-func

Search for the keywords to learn more about each warning.
To ignore, add // eslint-disable-next-line to the line before.

WARNING in [eslint] 
src/services/databaseCalendarService.js
  Line 205:3:  Expected a default case  default-case

src/services/databaseService.js
  Line 862:3:   Duplicate name 'getActivityTemplates'                                                                             no-dupe-class-members
  Line 995:30:  Function declared in a loop contains unsafe references to variable(s) 'totalTests', 'failedTests', 'failedTests'  no-loop-func

webpack compiled with 1 warning
Compiling...
Compiled with warnings.

[eslint] 
src/services/databaseCalendarService.js
  Line 205:3:  Expected a default case  default-case

src/services/databaseService.js
  Line 879:3:    Duplicate name 'getActivityTemplates'                                                                             no-dupe-class-members
  Line 1012:30:  Function declared in a loop contains unsafe references to variable(s) 'totalTests', 'failedTests', 'failedTests'  no-loop-func

Search for the keywords to learn more about each warning.
To ignore, add // eslint-disable-next-line to the line before.

WARNING in [eslint] 
src/services/databaseCalendarService.js
  Line 205:3:  Expected a default case  default-case

src/services/databaseService.js
  Line 879:3:    Duplicate name 'getActivityTemplates'                                                                             no-dupe-class-members
  Line 1012:30:  Function declared in a loop contains unsafe references to variable(s) 'totalTests', 'failedTests', 'failedTests'  no-loop-func

webpack compiled with 1 warning
Compiling...
Compiled with warnings.

[eslint] 
src/services/databaseCalendarService.js
  Line 205:3:  Expected a default case  default-case

src/services/databaseService.js
  Line 882:3:    Duplicate name 'getActivityTemplates'                                                                             no-dupe-class-members
  Line 1015:30:  Function declared in a loop contains unsafe references to variable(s) 'totalTests', 'failedTests', 'failedTests'  no-loop-func

Search for the keywords to learn more about each warning.
To ignore, add // eslint-disable-next-line to the line before.

WARNING in [eslint] 
src/services/databaseCalendarService.js
  Line 205:3:  Expected a default case  default-case

src/services/databaseService.js
  Line 882:3:    Duplicate name 'getActivityTemplates'                                                                             no-dupe-class-members
  Line 1015:30:  Function declared in a loop contains unsafe references to variable(s) 'totalTests', 'failedTests', 'failedTests'  no-loop-func

webpack compiled with 1 warning
Compiling...
Compiled with warnings.

[eslint] 
src/services/databaseCalendarService.js
  Line 205:3:  Expected a default case  default-case

src/services/databaseService.js
  Line 1008:30:  Function declared in a loop contains unsafe references to variable(s) 'totalTests', 'failedTests', 'failedTests'  no-loop-func

Search for the keywords to learn more about each warning.
To ignore, add // eslint-disable-next-line to the line before.

WARNING in [eslint] 
src/services/databaseCalendarService.js
  Line 205:3:  Expected a default case  default-case

src/services/databaseService.js
  Line 1008:30:  Function declared in a loop contains unsafe references to variable(s) 'totalTests', 'failedTests', 'failedTests'  no-loop-func

webpack compiled with 1 warning
Compiling...
Compiled with warnings.

[eslint] 
src/services/databaseCalendarService.js
  Line 205:3:  Expected a default case  default-case

src/services/databaseService.js
  Line 1008:30:  Function declared in a loop contains unsafe references to variable(s) 'totalTests', 'failedTests', 'failedTests'  no-loop-func

Search for the keywords to learn more about each warning.
To ignore, add // eslint-disable-next-line to the line before.

WARNING in [eslint] 
src/services/databaseCalendarService.js
  Line 205:3:  Expected a default case  default-case

src/services/databaseService.js
  Line 1008:30:  Function declared in a loop contains unsafe references to variable(s) 'totalTests', 'failedTests', 'failedTests'  no-loop-func

webpack compiled with 1 warning
Compiling...
Compiled with warnings.

[eslint] 
src/services/databaseCalendarService.js
  Line 205:3:  Expected a default case  default-case

src/services/databaseService.js
  Line 1017:30:  Function declared in a loop contains unsafe references to variable(s) 'totalTests', 'failedTests', 'failedTests'  no-loop-func

Search for the keywords to learn more about each warning.
To ignore, add // eslint-disable-next-line to the line before.

WARNING in [eslint] 
src/services/databaseCalendarService.js
  Line 205:3:  Expected a default case  default-case

src/services/databaseService.js
  Line 1017:30:  Function declared in a loop contains unsafe references to variable(s) 'totalTests', 'failedTests', 'failedTests'  no-loop-func

webpack compiled with 1 warning
Compiling...
Compiled with warnings.

[eslint] 
src/services/databaseCalendarService.js
  Line 205:3:  Expected a default case  default-case

src/services/databaseService.js
  Line 1026:30:  Function declared in a loop contains unsafe references to variable(s) 'totalTests', 'failedTests', 'failedTests'  no-loop-func

Search for the keywords to learn more about each warning.
To ignore, add // eslint-disable-next-line to the line before.

WARNING in [eslint] 
src/services/databaseCalendarService.js
  Line 205:3:  Expected a default case  default-case

src/services/databaseService.js
  Line 1026:30:  Function declared in a loop contains unsafe references to variable(s) 'totalTests', 'failedTests', 'failedTests'  no-loop-func

webpack compiled with 1 warning
Compiling...
Compiled with warnings.

[eslint] 
src/services/databaseCalendarService.js
  Line 205:3:  Expected a default case  default-case

src/services/databaseService.js
  Line 1026:30:  Function declared in a loop contains unsafe references to variable(s) 'totalTests', 'failedTests', 'failedTests'  no-loop-func

Search for the keywords to learn more about each warning.
To ignore, add // eslint-disable-next-line to the line before.

WARNING in [eslint] 
src/services/databaseCalendarService.js
  Line 205:3:  Expected a default case  default-case

src/services/databaseService.js
  Line 1026:30:  Function declared in a loop contains unsafe references to variable(s) 'totalTests', 'failedTests', 'failedTests'  no-loop-func

webpack compiled with 1 warning
Compiling...
Compiled with warnings.

[eslint] 
src/services/databaseCalendarService.js
  Line 205:3:  Expected a default case  default-case

src/services/databaseService.js
  Line 1026:30:  Function declared in a loop contains unsafe references to variable(s) 'totalTests', 'failedTests', 'failedTests'  no-loop-func

Search for the keywords to learn more about each warning.
To ignore, add // eslint-disable-next-line to the line before.

WARNING in [eslint] 
src/services/databaseCalendarService.js
  Line 205:3:  Expected a default case  default-case

src/services/databaseService.js
  Line 1026:30:  Function declared in a loop contains unsafe references to variable(s) 'totalTests', 'failedTests', 'failedTests'  no-loop-func

webpack compiled with 1 warning
Compiling...
Compiled with warnings.

[eslint] 
src/services/databaseCalendarService.js
  Line 205:3:  Expected a default case  default-case

src/services/databaseService.js
  Line 1026:30:  Function declared in a loop contains unsafe references to variable(s) 'totalTests', 'failedTests', 'failedTests'  no-loop-func

Search for the keywords to learn more about each warning.
To ignore, add // eslint-disable-next-line to the line before.

WARNING in [eslint] 
src/services/databaseCalendarService.js
  Line 205:3:  Expected a default case  default-case

src/services/databaseService.js
  Line 1026:30:  Function declared in a loop contains unsafe references to variable(s) 'totalTests', 'failedTests', 'failedTests'  no-loop-func

webpack compiled with 1 warning
Compiling...
Compiled with warnings.

[eslint] 
src/services/databaseCalendarService.js
  Line 205:3:  Expected a default case  default-case

src/services/databaseService.js
  Line 1026:30:  Function declared in a loop contains unsafe references to variable(s) 'totalTests', 'failedTests', 'failedTests'  no-loop-func

Search for the keywords to learn more about each warning.
To ignore, add // eslint-disable-next-line to the line before.

WARNING in [eslint] 
src/services/databaseCalendarService.js
  Line 205:3:  Expected a default case  default-case

src/services/databaseService.js
  Line 1026:30:  Function declared in a loop contains unsafe references to variable(s) 'totalTests', 'failedTests', 'failedTests'  no-loop-func

webpack compiled with 1 warning
Compiling...
Compiled with warnings.

[eslint] 
src/services/databaseCalendarService.js
  Line 205:3:  Expected a default case  default-case

src/services/databaseService.js
  Line 1026:30:  Function declared in a loop contains unsafe references to variable(s) 'totalTests', 'failedTests', 'failedTests'  no-loop-func

Search for the keywords to learn more about each warning.
To ignore, add // eslint-disable-next-line to the line before.

WARNING in [eslint] 
src/services/databaseCalendarService.js
  Line 205:3:  Expected a default case  default-case

src/services/databaseService.js
  Line 1026:30:  Function declared in a loop contains unsafe references to variable(s) 'totalTests', 'failedTests', 'failedTests'  no-loop-func

webpack compiled with 1 warning
Compiling...
Compiled with warnings.

[eslint] 
src/services/databaseCalendarService.js
  Line 205:3:  Expected a default case  default-case

src/services/databaseService.js
  Line 1026:30:  Function declared in a loop contains unsafe references to variable(s) 'totalTests', 'failedTests', 'failedTests'  no-loop-func

Search for the keywords to learn more about each warning.
To ignore, add // eslint-disable-next-line to the line before.

WARNING in [eslint] 
src/services/databaseCalendarService.js
  Line 205:3:  Expected a default case  default-case

src/services/databaseService.js
  Line 1026:30:  Function declared in a loop contains unsafe references to variable(s) 'totalTests', 'failedTests', 'failedTests'  no-loop-func

webpack compiled with 1 warning
Compiling...
Compiled with warnings.

[eslint] 
src/services/databaseCalendarService.js
  Line 205:3:  Expected a default case  default-case

src/services/databaseService.js
  Line 1026:30:  Function declared in a loop contains unsafe references to variable(s) 'totalTests', 'failedTests', 'failedTests'  no-loop-func

Search for the keywords to learn more about each warning.
To ignore, add // eslint-disable-next-line to the line before.

WARNING in [eslint] 
src/services/databaseCalendarService.js
  Line 205:3:  Expected a default case  default-case

src/services/databaseService.js
  Line 1026:30:  Function declared in a loop contains unsafe references to variable(s) 'totalTests', 'failedTests', 'failedTests'  no-loop-func

webpack compiled with 1 warning
Compiling...
Compiled with warnings.

[eslint] 
src/services/databaseCalendarService.js
  Line 205:3:  Expected a default case  default-case

src/services/databaseService.js
  Line 1026:30:  Function declared in a loop contains unsafe references to variable(s) 'totalTests', 'failedTests', 'failedTests'  no-loop-func

Search for the keywords to learn more about each warning.
To ignore, add // eslint-disable-next-line to the line before.

WARNING in [eslint] 
src/services/databaseCalendarService.js
  Line 205:3:  Expected a default case  default-case

src/services/databaseService.js
  Line 1026:30:  Function declared in a loop contains unsafe references to variable(s) 'totalTests', 'failedTests', 'failedTests'  no-loop-func

webpack compiled with 1 warning
Compiling...
Compiled with warnings.

[eslint] 
src/services/databaseCalendarService.js
  Line 205:3:  Expected a default case  default-case

src/services/databaseService.js
  Line 1026:30:  Function declared in a loop contains unsafe references to variable(s) 'totalTests', 'failedTests', 'failedTests'  no-loop-func

Search for the keywords to learn more about each warning.
To ignore, add // eslint-disable-next-line to the line before.

WARNING in [eslint] 
src/services/databaseCalendarService.js
  Line 205:3:  Expected a default case  default-case

src/services/databaseService.js
  Line 1026:30:  Function declared in a loop contains unsafe references to variable(s) 'totalTests', 'failedTests', 'failedTests'  no-loop-func

webpack compiled with 1 warning
Compiling...
Compiled with warnings.

[eslint] 
src/services/databaseCalendarService.js
  Line 205:3:  Expected a default case  default-case

src/services/databaseService.js
  Line 1026:30:  Function declared in a loop contains unsafe references to variable(s) 'totalTests', 'failedTests', 'failedTests'  no-loop-func

Search for the keywords to learn more about each warning.
To ignore, add // eslint-disable-next-line to the line before.

WARNING in [eslint] 
src/services/databaseCalendarService.js
  Line 205:3:  Expected a default case  default-case

src/services/databaseService.js
  Line 1026:30:  Function declared in a loop contains unsafe references to variable(s) 'totalTests', 'failedTests', 'failedTests'  no-loop-func

webpack compiled with 1 warning
Compiling...
Compiled with warnings.

[eslint] 
src/services/databaseCalendarService.js
  Line 205:3:  Expected a default case  default-case

src/services/databaseService.js
  Line 1026:30:  Function declared in a loop contains unsafe references to variable(s) 'totalTests', 'failedTests', 'failedTests'  no-loop-func

Search for the keywords to learn more about each warning.
To ignore, add // eslint-disable-next-line to the line before.

WARNING in [eslint] 
src/services/databaseCalendarService.js
  Line 205:3:  Expected a default case  default-case

src/services/databaseService.js
  Line 1026:30:  Function declared in a loop contains unsafe references to variable(s) 'totalTests', 'failedTests', 'failedTests'  no-loop-func

webpack compiled with 1 warning
